added manifest
adding: CSmin.png(in = 15169) (out= 15174)(deflated 0%)
adding: ca.png(in = 17313) (out= 14607)(deflated 15%)
adding: cellular/(in = 0) (out= 0)(stored 0%)
adding: cellular/CellularAutomata.class(in = 7726) (out= 3993)(deflated 48%)
adding: cellular/Configuration.class(in = 632) (out= 418)(deflated 33%)
adding: cellular/Controller.class(in = 3219) (out= 1635)(deflated 49%)
adding: cellular/ControllerClient.class(in = 5266) (out= 2768)(deflated 47%)
adding: cellular/ControllerServer.class(in = 2655) (out= 1413)(deflated 46%)
adding: cellular/ControllerTm.class(in = 1210) (out= 653)(deflated 46%)
adding: cellular/GameView.class(in = 12024) (out= 6346)(deflated 47%)
adding: cellular/Main.class(in = 3814) (out= 1900)(deflated 50%)
adding: cellular/Model.class(in = 515) (out= 311)(deflated 39%)
adding: cellular/ModelClient.class(in = 1090) (out= 511)(deflated 53%)
adding: cellular/ModelServer.class(in = 780) (out= 396)(deflated 49%)
adding: cellular/ModelTm.class(in = 1121) (out= 608)(deflated 45%)
adding: cellular/ThreadServer$Connection.class(in = 4043) (out= 2091)(deflated 48%)
adding: cellular/ThreadServer.class(in = 2900) (out= 1480)(deflated 48%)
adding: cellular/ViewClient.class(in = 4108) (out= 2143)(deflated 47%)
adding: cellular/ViewServer.class(in = 3502) (out= 1885)(deflated 46%)
adding: cellular/ViewTm.class(in = 2645) (out= 1433)(deflated 45%)
adding: cellular/tm-client.png(in = 12512) (out= 12310)(deflated 1%)
adding: cellular/tm-server.png(in = 12780) (out= 12524)(deflated 2%)
adding: game-jar.out(in = 1551) (out= 430)(deflated 72%)
adding: gl.png(in = 15307) (out= 12705)(deflated 16%)
adding: resources/(in = 0) (out= 0)(stored 0%)
adding: resources/texts_en_CA.properties(in = 314) (out= 214)(deflated 31%)
adding: resources/texts_fr_CA.properties(in = 337) (out= 233)(deflated 30%)
adding: tm-client.png(in = 12512) (out= 12310)(deflated 1%)
adding: tm-server.png(in = 12780) (out= 12524)(deflated 2%)
adding: tm.png(in = 20294) (out= 17210)(deflated 15%)
