Loading source files for package cellular...
Constructing Javadoc information...
Building index for all the packages and classes...
Standard Doclet version 21+35-LTS
Building tree for all the packages and classes...
Generating doc\cellular\CellularAutomata.html...
Generating doc\cellular\Configuration.html...
Generating doc\cellular\Controller.html...
Generating doc\cellular\ControllerClient.html...
Generating doc\cellular\ControllerServer.html...
Generating doc\cellular\ControllerTm.html...
Generating doc\cellular\GameView.html...
Generating doc\cellular\Main.html...
Generating doc\cellular\Model.html...
Generating doc\cellular\ModelClient.html...
Generating doc\cellular\ModelServer.html...
Generating doc\cellular\ModelTm.html...
Generating doc\cellular\ThreadServer.html...
Generating doc\cellular\ViewClient.html...
Generating doc\cellular\ViewServer.html...
Generating doc\cellular\ViewTm.html...
Generating doc\cellular\package-summary.html...
Generating doc\cellular\package-tree.html...
Generating doc\overview-tree.html...
Building index for all classes...
Generating doc\allclasses-index.html...
Generating doc\allpackages-index.html...
Generating doc\index-all.html...
Generating doc\search.html...
Generating doc\index.html...
Generating doc\help-doc.html...
